#
# A fatal error has been detected by the Java Runtime Environment:
#
#  Internal Error (javaClasses.cpp:124), pid=7936, tid=9920
#  fatal error: Invalid layout of preloaded class
#
# JRE version:  (8.0-b132) (build )
# Java VM: Java HotSpot(TM) 64-Bit Server VM (25.0-b70 mixed mode windows-amd64 compressed oops)
# Failed to write core dump. Minidumps are not enabled by default on client versions of Windows
#
# If you would like to submit a bug report, please visit:
#   http://bugreport.sun.com/bugreport/crash.jsp
#

---------------  T H R E A D  ---------------

Current thread (0x000000000014e000):  JavaThread "Unknown thread" [_thread_in_vm, id=9920, stack(0x00000000027b0000,0x00000000028b0000)]

Stack: [0x00000000027b0000,0x00000000028b0000]
Native frames: (J=compiled Java code, j=interpreted, Vv=VM code, C=native code)
V  [jvm.dll+0x308e0a]
V  [jvm.dll+0x25df11]
V  [jvm.dll+0x25eb2f]
V  [jvm.dll+0x256486]
V  [jvm.dll+0x5d36c]
V  [jvm.dll+0x5d463]
V  [jvm.dll+0x71d5a]
V  [jvm.dll+0x720b8]
V  [jvm.dll+0xe1637]
V  [jvm.dll+0xe19c6]
V  [jvm.dll+0x1f1407]
V  [jvm.dll+0x2227e4]
V  [jvm.dll+0x149f91]
C  [javaw.exe+0x208a]
C  [javaw.exe+0xc9db]
C  [javaw.exe+0xca6f]
C  [kernel32.dll+0x159cd]
C  [ntdll.dll+0x2b891]


---------------  P R O C E S S  ---------------

Java Threads: ( => current thread )

Other Threads:

=>0x000000000014e000 (exited) JavaThread "Unknown thread" [_thread_in_vm, id=9920, stack(0x00000000027b0000,0x00000000028b0000)]

VM state:not at safepoint (not fully initialized)

VM Mutex/Monitor currently owned by a thread: None

GC Heap History (0 events):
No events

Deoptimization events (0 events):
No events

Internal exceptions (0 events):
No events

Events (10 events):
Event: 0.319 loading class java/lang/CharSequence done
Event: 0.319 loading class java/lang/String done
Event: 0.319 loading class java/lang/Class
Event: 0.319 loading class java/lang/reflect/AnnotatedElement
Event: 0.328 loading class java/lang/reflect/AnnotatedElement done
Event: 0.328 loading class java/lang/reflect/GenericDeclaration
Event: 0.328 loading class java/lang/reflect/GenericDeclaration done
Event: 0.328 loading class java/lang/reflect/Type
Event: 0.328 loading class java/lang/reflect/Type done
Event: 0.328 loading class java/lang/Class done


Dynamic libraries:
0x000000013f410000 - 0x000000013f444000 	D:\Program Files\Java\jdk1.8.0\bin\javaw.exe
0x00000000771e0000 - 0x0000000077388000 	C:\Windows\SYSTEM32\ntdll.dll
0x00000000770c0000 - 0x00000000771df000 	C:\Windows\system32\kernel32.dll
0x000007fefd160000 - 0x000007fefd1cc000 	C:\Windows\system32\KERNELBASE.dll
0x000007fefd7b0000 - 0x000007fefd88b000 	C:\Windows\system32\ADVAPI32.dll
0x000007fefe8b0000 - 0x000007fefe94f000 	C:\Windows\system32\msvcrt.dll
0x000007fefe890000 - 0x000007fefe8af000 	C:\Windows\SYSTEM32\sechost.dll
0x000007fefd620000 - 0x000007fefd74d000 	C:\Windows\system32\RPCRT4.dll
0x0000000076fc0000 - 0x00000000770ba000 	C:\Windows\system32\USER32.dll
0x000007fefe620000 - 0x000007fefe687000 	C:\Windows\system32\GDI32.dll
0x000007fefed10000 - 0x000007fefed1e000 	C:\Windows\system32\LPK.dll
0x000007fefec40000 - 0x000007fefed09000 	C:\Windows\system32\USP10.dll
0x000007fefb280000 - 0x000007fefb474000 	C:\Windows\WinSxS\amd64_microsoft.windows.common-controls_6595b64144ccf1df_6.0.7601.18807_none_fa381d5f175bfb52\COMCTL32.dll
0x000007fefd500000 - 0x000007fefd571000 	C:\Windows\system32\SHLWAPI.dll
0x000007fefd2f0000 - 0x000007fefd31e000 	C:\Windows\system32\IMM32.DLL
0x000007feff3e0000 - 0x000007feff4e9000 	C:\Windows\system32\MSCTF.dll
0x00000000569e0000 - 0x0000000056ab2000 	D:\Program Files\Java\jdk1.8.0\jre\bin\msvcr100.dll
0x0000000069980000 - 0x000000006a1aa000 	D:\Program Files\Java\jdk1.8.0\jre\bin\server\jvm.dll
0x000007fef4cc0000 - 0x000007fef4cc9000 	C:\Windows\system32\WSOCK32.dll
0x000007fefe840000 - 0x000007fefe88d000 	C:\Windows\system32\WS2_32.dll
0x000007fefd2e0000 - 0x000007fefd2e8000 	C:\Windows\system32\NSI.dll
0x000007fefd070000 - 0x000007fefd0ab000 	C:\Windows\system32\WINMM.dll
0x00000000773a0000 - 0x00000000773a7000 	C:\Windows\system32\PSAPI.DLL
0x000000006bb50000 - 0x000000006bb5f000 	D:\Program Files\Java\jdk1.8.0\jre\bin\verify.dll
0x000000006adf0000 - 0x000000006ae18000 	D:\Program Files\Java\jdk1.8.0\jre\bin\java.dll
0x000000006add0000 - 0x000000006ade6000 	D:\Program Files\Java\jdk1.8.0\jre\bin\zip.dll
0x000007fef8270000 - 0x000007fef8395000 	C:\Windows\system32\dbghelp.dll

VM Arguments:
jvm_args: -Dfile.encoding=UTF-8 -Xbootclasspath:D:\adt-bundle-windows-x86_64-20131030\android4.4-sdk\platforms\android-19\android.jar 
java_command: com.seta.android.email.EmailFormat
java_class_path (initial): I:\anshe\workspace\SetaClient\libs\additionnal.jar;I:\anshe\workspace\SetaClient\libs\asmack-android-17-0.8.3.jar;I:\anshe\workspace\SetaClient\libs\Sunflower.jar;I:\anshe\workspace\SetaClient\libs\mail.jar;I:\anshe\workspace\SetaClient\libs\android-support-v4.jar;I:\anshe\workspace\SetaClient\libs\log4j-1.2.17.jar;I:\anshe\workspace\android-support-v7-appcompat\libs\android-support-v7-appcompat.jar;I:\anshe\workspace\SetaClient\libs\Msc.jar;I:\anshe\workspace\SetaClient\libs\activation.jar;I:\anshe\workspace\android-support-v7-appcompat\bin\android-support-v7-appcompat.jar;I:\anshe\workspace\SetaClient\bin\classes;I:\anshe\workspace\SetaClient\libs\android-support-v7-appcompat.jar
Launcher Type: SUN_STANDARD

Environment Variables:
JAVA_HOME=D:\Program Files\Java\jdk1.8.0
CLASSPATH=.;D:\Program Files\Java\jdk1.8.0\lib\dt.jar;D:\Program Files\Java\jdk1.8.0\lib\tools.jar;
PATH=D:/Program Files/Java/jdk1.8.0/bin/../jre/bin/server;D:/Program Files/Java/jdk1.8.0/bin/../jre/bin;D:/Program Files/Java/jdk1.8.0/bin/../jre/lib/amd64;C:\Windows\system32;C:\Windows;C:\Windows\System32\Wbem;C:\Windows\System32\WindowsPowerShell\v1.0\;C:\Program Files (x86)\Microsoft SQL Server\100\Tools\Binn\;C:\Program Files\Microsoft SQL Server\100\Tools\Binn\;C:\Program Files\Microsoft SQL Server\100\DTS\Binn\;C:\Program Files (x86)\ATI Technologies\ATI.ACE\Core-Static;C:\Program Files\MPICH2\bin;D:\Program Files\Java\jdk1.8.0\bin;D:\Program Files\Java\jdk1.8.0\jre\bin;C:\MATLAB7\bin\win32;D:\Program Files\MySQL\MySQL Utilities 1.4.4\;D:\Program Files\MySQL\MySQL Utilities 1.4.4\Doctrine extensions for PHP\;I:\anshe\android-ndk-r9d;C:\Program Files (x86)\IDM Computer Solutions\UltraEdit\;C:\Program Files (x86)\SSH Communications Security\SSH Secure Shell;D:\adt-bundle-windows-x86_64-20131030\eclipse;
USERNAME=anshe
OS=Windows_NT
PROCESSOR_IDENTIFIER=AMD64 Family 16 Model 5 Stepping 3, AuthenticAMD



---------------  S Y S T E M  ---------------

OS: Windows 7 , 64 bit Build 7601 Service Pack 1

CPU:total 4 (4 cores per cpu, 1 threads per core) family 16 model 5 stepping 3, cmov, cx8, fxsr, mmx, sse, sse2, sse3, popcnt, mmxext, 3dnowpref, lzcnt, sse4a, tsc, tscinvbit

Memory: 4k page, physical 4193464k(1121072k free), swap 8385076k(2325076k free)

vm_info: Java HotSpot(TM) 64-Bit Server VM (25.0-b70) for windows-amd64 JRE (1.8.0-b132), built on Mar  4 2014 03:46:18 by "java_re" with MS VC++ 10.0 (VS2010)

time: Sun May 24 11:52:42 2015
elapsed time: 0 seconds

